<?xml version="1.0" encoding="UTF-8"?>
<!-- Generated by org.testng.reporters.JUnitXMLReporter -->
<testsuite ignored="0" hostname="DESKTOP-20NF0CC" failures="0" tests="4" name="Firefox Browser Test Cases" time="16.338" errors="0" timestamp="2024-06-14T18:00:48 IST">
  <testcase classname="testngframework.TestNG_91_CrossBrowserTesting" name="googleSelenium" time="4.321"/>
  <testcase classname="testngframework.TestNG_91_CrossBrowserTesting" name="googleTestNG" time="3.492"/>
  <testcase classname="testngframework.TestNG_91_CrossBrowserTesting" name="googleTirupati" time="2.728"/>
  <testcase classname="testngframework.TestNG_91_CrossBrowserTesting" name="googlesearchRamKee" time="2.7"/>
</testsuite> <!-- Firefox Browser Test Cases -->
