<?xml version="1.0" encoding="UTF-8"?>
<!-- Generated by org.testng.reporters.JUnitXMLReporter -->
<testsuite ignored="0" hostname="DESKTOP-20NF0CC" failures="0" tests="4" name="Google Chrome Browser Test Cases" time="15.373" errors="0" timestamp="2024-06-14T18:00:31 IST">
  <testcase classname="testngframework.TestNG_91_CrossBrowserTesting" name="googleSelenium" time="3.937"/>
  <testcase classname="testngframework.TestNG_91_CrossBrowserTesting" name="googleTestNG" time="4.102"/>
  <testcase classname="testngframework.TestNG_91_CrossBrowserTesting" name="googleTirupati" time="3.045"/>
  <testcase classname="testngframework.TestNG_91_CrossBrowserTesting" name="googlesearchRamKee" time="2.719"/>
</testsuite> <!-- Google Chrome Browser Test Cases -->
