<?xml version="1.0" encoding="UTF-8"?>
<!-- Generated by org.testng.reporters.JUnitXMLReporter -->
<testsuite ignored="0" hostname="DESKTOP-20NF0CC" failures="0" tests="4" name="MicroSoft Edge Browser" time="17.124" errors="0" timestamp="2024-06-14T18:01:05 IST">
  <testcase classname="testngframework.TestNG_91_CrossBrowserTesting" name="googleSelenium" time="3.714"/>
  <testcase classname="testngframework.TestNG_91_CrossBrowserTesting" name="googleTestNG" time="4.854"/>
  <testcase classname="testngframework.TestNG_91_CrossBrowserTesting" name="googleTirupati" time="2.841"/>
  <testcase classname="testngframework.TestNG_91_CrossBrowserTesting" name="googlesearchRamKee" time="3.049"/>
</testsuite> <!-- MicroSoft Edge Browser -->
