<?xml version="1.0" encoding="UTF-8"?>
<!-- Generated by org.testng.reporters.JUnitXMLReporter -->
<testsuite ignored="7" hostname="DESKTOP-20NF0CC" failures="0" tests="2" name="Test" time="12.64" errors="0" timestamp="2024-05-30T17:53:06 IST">
  <testcase classname="testngframework.TestNG_8_Groups_TCs" name="swiggy" time="6.464"/>
  <testcase classname="testngframework.TestNG_8_Groups_TCs" name="zomato" time="4.721"/>
  <testcase classname="testngframework.TestNG_8_Groups_TCs" name="gmail" time="0.0">
    <ignored/>
  </testcase> <!-- gmail -->
  <testcase classname="testngframework.TestNG_8_Groups_TCs" name="redmine" time="0.0">
    <ignored/>
  </testcase> <!-- redmine -->
  <testcase classname="testngframework.TestNG_8_Groups_TCs" name="twitter" time="0.0">
    <ignored/>
  </testcase> <!-- twitter -->
  <testcase classname="testngframework.TestNG_8_Groups_TCs" name="seleniumlearn" time="0.0">
    <ignored/>
  </testcase> <!-- seleniumlearn -->
  <testcase classname="testngframework.TestNG_8_Groups_TCs" name="selenium" time="0.0">
    <ignored/>
  </testcase> <!-- selenium -->
  <testcase classname="testngframework.TestNG_8_Groups_TCs" name="google" time="0.0">
    <ignored/>
  </testcase> <!-- google -->
  <testcase classname="testngframework.TestNG_8_Groups_TCs" name="facebook" time="0.0">
    <ignored/>
  </testcase> <!-- facebook -->
</testsuite> <!-- Test -->
