<?xml version="1.0" encoding="UTF-8"?>
<testng-results ignored="0" total="1" passed="1" failed="0" skipped="0">
  <reporter-output>
  </reporter-output>
  <suite started-at="2024-06-19T17:07:57 IST" name="Default suite" finished-at="2024-06-19T17:08:12 IST" duration-ms="14944">
    <groups>
    </groups>
    <test started-at="2024-06-19T17:07:57 IST" name="Default test" finished-at="2024-06-19T17:08:12 IST" duration-ms="14944">
      <class name="sikuli.WebAutomation">
        <test-method is-config="true" signature="beforeTest()[pri:0, instance:sikuli.WebAutomation@5d908d47]" started-at="2024-06-19T17:07:57 IST" name="beforeTest" finished-at="2024-06-19T17:07:59 IST" duration-ms="1491" status="PASS">
          <reporter-output>
          </reporter-output>
        </test-method> <!-- beforeTest -->
        <test-method signature="seleniumlearn()[pri:0, instance:sikuli.WebAutomation@5d908d47]" started-at="2024-06-19T17:07:59 IST" name="seleniumlearn" finished-at="2024-06-19T17:08:12 IST" duration-ms="13411" status="PASS">
          <reporter-output>
          </reporter-output>
        </test-method> <!-- seleniumlearn -->
      </class> <!-- sikuli.WebAutomation -->
    </test> <!-- Default test -->
  </suite> <!-- Default suite -->
</testng-results>
